\BOOKMARK [0][-]{chapter.1}{Preface}{}% 1
\BOOKMARK [1][-]{section.1.1}{About}{chapter.1}% 2
\BOOKMARK [1][-]{section.1.2}{Motivation for this tutorial}{chapter.1}% 3
\BOOKMARK [1][-]{section.1.3}{Acknowledgement}{chapter.1}% 4
\BOOKMARK [1][-]{section.1.4}{Feedback and suggestions}{chapter.1}% 5
\BOOKMARK [0][-]{chapter.2}{Why Spark with Python ?}{}% 6
\BOOKMARK [1][-]{section.2.1}{Why Spark?}{chapter.2}% 7
\BOOKMARK [1][-]{section.2.2}{Why Spark with Python \(PySpark\)?}{chapter.2}% 8
\BOOKMARK [0][-]{chapter.3}{Configure Running Platform}{}% 9
\BOOKMARK [1][-]{section.3.1}{Run on Databricks Community Cloud}{chapter.3}% 10
\BOOKMARK [1][-]{section.3.2}{Configure Spark on Mac and Ubuntu}{chapter.3}% 11
\BOOKMARK [1][-]{section.3.3}{Configure Spark on Windows}{chapter.3}% 12
\BOOKMARK [1][-]{section.3.4}{PySpark With Text Editor or IDE}{chapter.3}% 13
\BOOKMARK [1][-]{section.3.5}{Set up Spark on Cloud}{chapter.3}% 14
\BOOKMARK [1][-]{section.3.6}{Demo Code in this Section}{chapter.3}% 15
\BOOKMARK [0][-]{chapter.4}{An Introduction to Apache Spark}{}% 16
\BOOKMARK [1][-]{section.4.1}{Core Concepts}{chapter.4}% 17
\BOOKMARK [1][-]{section.4.2}{Spark Components}{chapter.4}% 18
\BOOKMARK [1][-]{section.4.3}{Architecture}{chapter.4}% 19
\BOOKMARK [1][-]{section.4.4}{How Spark Works?}{chapter.4}% 20
\BOOKMARK [0][-]{chapter.5}{Programming with RDDs}{}% 21
\BOOKMARK [1][-]{section.5.1}{Create RDD}{chapter.5}% 22
\BOOKMARK [1][-]{section.5.2}{Spark Transformations}{chapter.5}% 23
\BOOKMARK [1][-]{section.5.3}{Spark Actions}{chapter.5}% 24
\BOOKMARK [0][-]{chapter.6}{Statistics Preliminary}{}% 25
\BOOKMARK [1][-]{section.6.1}{Notations}{chapter.6}% 26
\BOOKMARK [1][-]{section.6.2}{Measurement Formula}{chapter.6}% 27
\BOOKMARK [0][-]{chapter.7}{Regression}{}% 28
\BOOKMARK [1][-]{section.7.1}{Linear Regression}{chapter.7}% 29
\BOOKMARK [1][-]{section.7.2}{Generalized linear regression}{chapter.7}% 30
\BOOKMARK [1][-]{section.7.3}{Decision tree Regression}{chapter.7}% 31
\BOOKMARK [1][-]{section.7.4}{Random Forest Regression}{chapter.7}% 32
\BOOKMARK [1][-]{section.7.5}{Gradient-boosted tree regression}{chapter.7}% 33
\BOOKMARK [0][-]{chapter.8}{Regularization}{}% 34
\BOOKMARK [1][-]{section.8.1}{Ridge regression}{chapter.8}% 35
\BOOKMARK [1][-]{section.8.2}{Least Absolute Shrinkage and Selection Operator \(LASSO\)}{chapter.8}% 36
\BOOKMARK [1][-]{section.8.3}{Elastic net}{chapter.8}% 37
\BOOKMARK [0][-]{chapter.9}{Classification}{}% 38
\BOOKMARK [1][-]{section.9.1}{Logistic regression}{chapter.9}% 39
\BOOKMARK [1][-]{section.9.2}{Decision tree Classification}{chapter.9}% 40
\BOOKMARK [1][-]{section.9.3}{Random forest Classification}{chapter.9}% 41
\BOOKMARK [1][-]{section.9.4}{Gradient-boosted tree Classification}{chapter.9}% 42
\BOOKMARK [1][-]{section.9.5}{Naive Bayes Classification}{chapter.9}% 43
\BOOKMARK [0][-]{chapter.10}{Clustering}{}% 44
\BOOKMARK [1][-]{section.10.1}{K-Means Model}{chapter.10}% 45
\BOOKMARK [0][-]{chapter.11}{Text Mining}{}% 46
\BOOKMARK [1][-]{section.11.1}{Text Collection}{chapter.11}% 47
\BOOKMARK [1][-]{section.11.2}{Text Preprocessing}{chapter.11}% 48
\BOOKMARK [1][-]{section.11.3}{Text Classification}{chapter.11}% 49
\BOOKMARK [1][-]{section.11.4}{Sentiment analysis}{chapter.11}% 50
\BOOKMARK [1][-]{section.11.5}{N-grams and Correlations}{chapter.11}% 51
\BOOKMARK [1][-]{section.11.6}{Topic Model: Latent Dirichlet Allocation}{chapter.11}% 52
\BOOKMARK [0][-]{chapter.12}{Social Network Analysis}{}% 53
\BOOKMARK [1][-]{section.12.1}{Co-occurrence Network}{chapter.12}% 54
\BOOKMARK [1][-]{section.12.2}{Correlation Network}{chapter.12}% 55
\BOOKMARK [0][-]{chapter.13}{Neural Network}{}% 56
\BOOKMARK [1][-]{section.13.1}{Feedforward Neural Network}{chapter.13}% 57
\BOOKMARK [0][-]{chapter.14}{My PySpark Package}{}% 58
\BOOKMARK [1][-]{section.14.1}{Hierarchical Structure}{chapter.14}% 59
\BOOKMARK [1][-]{section.14.2}{Set Up}{chapter.14}% 60
\BOOKMARK [1][-]{section.14.3}{ReadMe}{chapter.14}% 61
\BOOKMARK [0][-]{chapter.15}{Main Reference}{}% 62
\BOOKMARK [0][-]{chapter*.5}{Bibliography}{}% 63
\BOOKMARK [0][-]{section*.10}{Index}{}% 64
